This file contains any messages produced by compilers while
running configure, to aid debugging if configure makes a mistake.

It was created by NetworkManager configure 1.4.0, which was
generated by GNU Autoconf 2.69.  Invocation command line was

  $ ./configure 

## --------- ##
## Platform. ##
## --------- ##

hostname = RaphaelPC
uname -m = x86_64
uname -r = 4.4.0-38-generic
uname -s = Linux
uname -v = #57-Ubuntu SMP Tue Sep 6 15:42:33 UTC 2016

/usr/bin/uname -p = unknown
/bin/uname -X     = unknown

/bin/arch              = unknown
/usr/bin/arch -k       = unknown
/usr/convex/getsysinfo = unknown
/usr/bin/hostinfo      = unknown
/bin/machine           = unknown
/usr/bin/oslevel       = unknown
/bin/universe          = unknown

PATH: /home/raphael/bin
PATH: /home/raphael/.local/bin
PATH: /usr/local/sbin
PATH: /usr/local/bin
PATH: /usr/sbin
PATH: /usr/bin
PATH: /sbin
PATH: /bin
PATH: /usr/games
PATH: /usr/local/games
PATH: /snap/bin


## ----------- ##
## Core tests. ##
## ----------- ##

configure:3226: checking for a BSD-compatible install
configure:3294: result: /usr/bin/install -c
configure:3305: checking whether build environment is sane
configure:3360: result: yes
configure:3511: checking for a thread-safe mkdir -p
configure:3550: result: /bin/mkdir -p
configure:3557: checking for gawk
configure:3587: result: no
configure:3557: checking for mawk
configure:3573: found /usr/bin/mawk
configure:3584: result: mawk
configure:3595: checking whether make sets $(MAKE)
configure:3617: result: yes
configure:3646: checking whether make supports nested variables
configure:3663: result: yes
configure:3752: checking whether UID '1000' is supported by ustar format
configure:3755: result: yes
configure:3762: checking whether GID '1000' is supported by ustar format
configure:3765: result: yes
configure:3773: checking how to create a ustar tar archive
configure:3784: tar --version
tar (GNU tar) 1.28
Copyright (C) 2014 Free Software Foundation, Inc.
License GPLv3+: GNU GPL version 3 or later <http://gnu.org/licenses/gpl.html>.
This is free software: you are free to change and redistribute it.
There is NO WARRANTY, to the extent permitted by law.

Written by John Gilmore and Jay Fenlason.
configure:3787: $? = 0
configure:3827: tardir=conftest.dir && eval tar --format=ustar -chf - "$tardir" >conftest.tar
configure:3830: $? = 0
configure:3834: tar -xf - <conftest.tar
configure:3837: $? = 0
configure:3839: cat conftest.dir/file
GrepMe
configure:3842: $? = 0
configure:3855: result: gnutar
configure:3905: checking whether to enable maintainer-specific portions of Makefiles
configure:3914: result: yes
configure:3938: checking whether make supports nested variables
configure:3955: result: yes
configure:3979: checking for style of include used by make
configure:4007: result: GNU
configure:4078: checking for gcc
configure:4094: found /usr/bin/gcc
configure:4105: result: gcc
configure:4334: checking for C compiler version
configure:4343: gcc --version >&5
gcc (Ubuntu 5.4.0-6ubuntu1~16.04.2) 5.4.0 20160609
Copyright (C) 2015 Free Software Foundation, Inc.
This is free software; see the source for copying conditions.  There is NO
warranty; not even for MERCHANTABILITY or FITNESS FOR A PARTICULAR PURPOSE.

configure:4354: $? = 0
configure:4343: gcc -v >&5
Using built-in specs.
COLLECT_GCC=gcc
COLLECT_LTO_WRAPPER=/usr/lib/gcc/x86_64-linux-gnu/5/lto-wrapper
Target: x86_64-linux-gnu
Configured with: ../src/configure -v --with-pkgversion='Ubuntu 5.4.0-6ubuntu1~16.04.2' --with-bugurl=file:///usr/share/doc/gcc-5/README.Bugs --enable-languages=c,ada,c++,java,go,d,fortran,objc,obj-c++ --prefix=/usr --program-suffix=-5 --enable-shared --enable-linker-build-id --libexecdir=/usr/lib --without-included-gettext --enable-threads=posix --libdir=/usr/lib --enable-nls --with-sysroot=/ --enable-clocale=gnu --enable-libstdcxx-debug --enable-libstdcxx-time=yes --with-default-libstdcxx-abi=new --enable-gnu-unique-object --disable-vtable-verify --enable-libmpx --enable-plugin --with-system-zlib --disable-browser-plugin --enable-java-awt=gtk --enable-gtk-cairo --with-java-home=/usr/lib/jvm/java-1.5.0-gcj-5-amd64/jre --enable-java-home --with-jvm-root-dir=/usr/lib/jvm/java-1.5.0-gcj-5-amd64 --with-jvm-jar-dir=/usr/lib/jvm-exports/java-1.5.0-gcj-5-amd64 --with-arch-directory=amd64 --with-ecj-jar=/usr/share/java/eclipse-ecj.jar --enable-objc-gc --enable-multiarch --disable-werror --with-arch-32=i686 --with-abi=m64 --with-multilib-list=m32,m64,mx32 --enable-multilib --with-tune=generic --enable-checking=release --build=x86_64-linux-gnu --host=x86_64-linux-gnu --target=x86_64-linux-gnu
Thread model: posix
gcc version 5.4.0 20160609 (Ubuntu 5.4.0-6ubuntu1~16.04.2) 
configure:4354: $? = 0
configure:4343: gcc -V >&5
gcc: error: unrecognized command line option '-V'
gcc: fatal error: no input files
compilation terminated.
configure:4354: $? = 1
configure:4343: gcc -qversion >&5
gcc: error: unrecognized command line option '-qversion'
gcc: fatal error: no input files
compilation terminated.
configure:4354: $? = 1
configure:4374: checking whether the C compiler works
configure:4396: gcc    conftest.c  >&5
configure:4400: $? = 0
configure:4448: result: yes
configure:4451: checking for C compiler default output file name
configure:4453: result: a.out
configure:4459: checking for suffix of executables
configure:4466: gcc -o conftest    conftest.c  >&5
configure:4470: $? = 0
configure:4492: result: 
configure:4514: checking whether we are cross compiling
configure:4522: gcc -o conftest    conftest.c  >&5
configure:4526: $? = 0
configure:4533: ./conftest
configure:4537: $? = 0
configure:4552: result: no
configure:4557: checking for suffix of object files
configure:4579: gcc -c   conftest.c >&5
configure:4583: $? = 0
configure:4604: result: o
configure:4608: checking whether we are using the GNU C compiler
configure:4627: gcc -c   conftest.c >&5
configure:4627: $? = 0
configure:4636: result: yes
configure:4645: checking whether gcc accepts -g
configure:4665: gcc -c -g  conftest.c >&5
configure:4665: $? = 0
configure:4706: result: yes
configure:4723: checking for gcc option to accept ISO C89
configure:4786: gcc  -c -g -O2  conftest.c >&5
configure:4786: $? = 0
configure:4799: result: none needed
configure:4824: checking whether gcc understands -c and -o together
configure:4846: gcc -c conftest.c -o conftest2.o
configure:4849: $? = 0
configure:4846: gcc -c conftest.c -o conftest2.o
configure:4849: $? = 0
configure:4861: result: yes
configure:4880: checking dependency style of gcc
configure:4991: result: gcc3
configure:5012: checking how to run the C preprocessor
configure:5043: gcc -E  conftest.c
configure:5043: $? = 0
configure:5057: gcc -E  conftest.c
conftest.c:11:28: fatal error: ac_nonexistent.h: No such file or directory
compilation terminated.
configure:5057: $? = 1
configure: failed program was:
| /* confdefs.h */
| #define PACKAGE_NAME "NetworkManager"
| #define PACKAGE_TARNAME "NetworkManager"
| #define PACKAGE_VERSION "1.4.0"
| #define PACKAGE_STRING "NetworkManager 1.4.0"
| #define PACKAGE_BUGREPORT "http://bugzilla.gnome.org/enter_bug.cgi?product=NetworkManager"
| #define PACKAGE_URL ""
| #define PACKAGE "NetworkManager"
| #define VERSION "1.4.0"
| /* end confdefs.h.  */
| #include <ac_nonexistent.h>
configure:5082: result: gcc -E
configure:5102: gcc -E  conftest.c
configure:5102: $? = 0
configure:5116: gcc -E  conftest.c
conftest.c:11:28: fatal error: ac_nonexistent.h: No such file or directory
compilation terminated.
configure:5116: $? = 1
configure: failed program was:
| /* confdefs.h */
| #define PACKAGE_NAME "NetworkManager"
| #define PACKAGE_TARNAME "NetworkManager"
| #define PACKAGE_VERSION "1.4.0"
| #define PACKAGE_STRING "NetworkManager 1.4.0"
| #define PACKAGE_BUGREPORT "http://bugzilla.gnome.org/enter_bug.cgi?product=NetworkManager"
| #define PACKAGE_URL ""
| #define PACKAGE "NetworkManager"
| #define VERSION "1.4.0"
| /* end confdefs.h.  */
| #include <ac_nonexistent.h>
configure:5145: checking for grep that handles long lines and -e
configure:5203: result: /bin/grep
configure:5208: checking for egrep
configure:5270: result: /bin/grep -E
configure:5275: checking for ANSI C header files
configure:5295: gcc -c -g -O2  conftest.c >&5
configure:5295: $? = 0
configure:5368: gcc -o conftest -g -O2   conftest.c  >&5
configure:5368: $? = 0
configure:5368: ./conftest
configure:5368: $? = 0
configure:5379: result: yes
configure:5392: checking for sys/types.h
configure:5392: gcc -c -g -O2  conftest.c >&5
configure:5392: $? = 0
configure:5392: result: yes
configure:5392: checking for sys/stat.h
configure:5392: gcc -c -g -O2  conftest.c >&5
configure:5392: $? = 0
configure:5392: result: yes
configure:5392: checking for stdlib.h
configure:5392: gcc -c -g -O2  conftest.c >&5
configure:5392: $? = 0
configure:5392: result: yes
configure:5392: checking for string.h
configure:5392: gcc -c -g -O2  conftest.c >&5
configure:5392: $? = 0
configure:5392: result: yes
configure:5392: checking for memory.h
configure:5392: gcc -c -g -O2  conftest.c >&5
configure:5392: $? = 0
configure:5392: result: yes
configure:5392: checking for strings.h
configure:5392: gcc -c -g -O2  conftest.c >&5
configure:5392: $? = 0
configure:5392: result: yes
configure:5392: checking for inttypes.h
configure:5392: gcc -c -g -O2  conftest.c >&5
configure:5392: $? = 0
configure:5392: result: yes
configure:5392: checking for stdint.h
configure:5392: gcc -c -g -O2  conftest.c >&5
configure:5392: $? = 0
configure:5392: result: yes
configure:5392: checking for unistd.h
configure:5392: gcc -c -g -O2  conftest.c >&5
configure:5392: $? = 0
configure:5392: result: yes
configure:5405: checking minix/config.h usability
configure:5405: gcc -c -g -O2  conftest.c >&5
conftest.c:54:26: fatal error: minix/config.h: No such file or directory
compilation terminated.
configure:5405: $? = 1
configure: failed program was:
| /* confdefs.h */
| #define PACKAGE_NAME "NetworkManager"
| #define PACKAGE_TARNAME "NetworkManager"
| #define PACKAGE_VERSION "1.4.0"
| #define PACKAGE_STRING "NetworkManager 1.4.0"
| #define PACKAGE_BUGREPORT "http://bugzilla.gnome.org/enter_bug.cgi?product=NetworkManager"
| #define PACKAGE_URL ""
| #define PACKAGE "NetworkManager"
| #define VERSION "1.4.0"
| #define STDC_HEADERS 1
| #define HAVE_SYS_TYPES_H 1
| #define HAVE_SYS_STAT_H 1
| #define HAVE_STDLIB_H 1
| #define HAVE_STRING_H 1
| #define HAVE_MEMORY_H 1
| #define HAVE_STRINGS_H 1
| #define HAVE_INTTYPES_H 1
| #define HAVE_STDINT_H 1
| #define HAVE_UNISTD_H 1
| /* end confdefs.h.  */
| #include <stdio.h>
| #ifdef HAVE_SYS_TYPES_H
| # include <sys/types.h>
| #endif
| #ifdef HAVE_SYS_STAT_H
| # include <sys/stat.h>
| #endif
| #ifdef STDC_HEADERS
| # include <stdlib.h>
| # include <stddef.h>
| #else
| # ifdef HAVE_STDLIB_H
| #  include <stdlib.h>
| # endif
| #endif
| #ifdef HAVE_STRING_H
| # if !defined STDC_HEADERS && defined HAVE_MEMORY_H
| #  include <memory.h>
| # endif
| # include <string.h>
| #endif
| #ifdef HAVE_STRINGS_H
| # include <strings.h>
| #endif
| #ifdef HAVE_INTTYPES_H
| # include <inttypes.h>
| #endif
| #ifdef HAVE_STDINT_H
| # include <stdint.h>
| #endif
| #ifdef HAVE_UNISTD_H
| # include <unistd.h>
| #endif
| #include <minix/config.h>
configure:5405: result: no
configure:5405: checking minix/config.h presence
configure:5405: gcc -E  conftest.c
conftest.c:21:26: fatal error: minix/config.h: No such file or directory
compilation terminated.
configure:5405: $? = 1
configure: failed program was:
| /* confdefs.h */
| #define PACKAGE_NAME "NetworkManager"
| #define PACKAGE_TARNAME "NetworkManager"
| #define PACKAGE_VERSION "1.4.0"
| #define PACKAGE_STRING "NetworkManager 1.4.0"
| #define PACKAGE_BUGREPORT "http://bugzilla.gnome.org/enter_bug.cgi?product=NetworkManager"
| #define PACKAGE_URL ""
| #define PACKAGE "NetworkManager"
| #define VERSION "1.4.0"
| #define STDC_HEADERS 1
| #define HAVE_SYS_TYPES_H 1
| #define HAVE_SYS_STAT_H 1
| #define HAVE_STDLIB_H 1
| #define HAVE_STRING_H 1
| #define HAVE_MEMORY_H 1
| #define HAVE_STRINGS_H 1
| #define HAVE_INTTYPES_H 1
| #define HAVE_STDINT_H 1
| #define HAVE_UNISTD_H 1
| /* end confdefs.h.  */
| #include <minix/config.h>
configure:5405: result: no
configure:5405: checking for minix/config.h
configure:5405: result: no
configure:5426: checking whether it is safe to define __EXTENSIONS__
configure:5444: gcc -c -g -O2  conftest.c >&5
configure:5444: $? = 0
configure:5451: result: yes
configure:5514: checking for gcc
configure:5541: result: gcc
configure:5770: checking for C compiler version
configure:5779: gcc --version >&5
gcc (Ubuntu 5.4.0-6ubuntu1~16.04.2) 5.4.0 20160609
Copyright (C) 2015 Free Software Foundation, Inc.
This is free software; see the source for copying conditions.  There is NO
warranty; not even for MERCHANTABILITY or FITNESS FOR A PARTICULAR PURPOSE.

configure:5790: $? = 0
configure:5779: gcc -v >&5
Using built-in specs.
COLLECT_GCC=gcc
COLLECT_LTO_WRAPPER=/usr/lib/gcc/x86_64-linux-gnu/5/lto-wrapper
Target: x86_64-linux-gnu
Configured with: ../src/configure -v --with-pkgversion='Ubuntu 5.4.0-6ubuntu1~16.04.2' --with-bugurl=file:///usr/share/doc/gcc-5/README.Bugs --enable-languages=c,ada,c++,java,go,d,fortran,objc,obj-c++ --prefix=/usr --program-suffix=-5 --enable-shared --enable-linker-build-id --libexecdir=/usr/lib --without-included-gettext --enable-threads=posix --libdir=/usr/lib --enable-nls --with-sysroot=/ --enable-clocale=gnu --enable-libstdcxx-debug --enable-libstdcxx-time=yes --with-default-libstdcxx-abi=new --enable-gnu-unique-object --disable-vtable-verify --enable-libmpx --enable-plugin --with-system-zlib --disable-browser-plugin --enable-java-awt=gtk --enable-gtk-cairo --with-java-home=/usr/lib/jvm/java-1.5.0-gcj-5-amd64/jre --enable-java-home --with-jvm-root-dir=/usr/lib/jvm/java-1.5.0-gcj-5-amd64 --with-jvm-jar-dir=/usr/lib/jvm-exports/java-1.5.0-gcj-5-amd64 --with-arch-directory=amd64 --with-ecj-jar=/usr/share/java/eclipse-ecj.jar --enable-objc-gc --enable-multiarch --disable-werror --with-arch-32=i686 --with-abi=m64 --with-multilib-list=m32,m64,mx32 --enable-multilib --with-tune=generic --enable-checking=release --build=x86_64-linux-gnu --host=x86_64-linux-gnu --target=x86_64-linux-gnu
Thread model: posix
gcc version 5.4.0 20160609 (Ubuntu 5.4.0-6ubuntu1~16.04.2) 
configure:5790: $? = 0
configure:5779: gcc -V >&5
gcc: error: unrecognized command line option '-V'
gcc: fatal error: no input files
compilation terminated.
configure:5790: $? = 1
configure:5779: gcc -qversion >&5
gcc: error: unrecognized command line option '-qversion'
gcc: fatal error: no input files
compilation terminated.
configure:5790: $? = 1
configure:5794: checking whether we are using the GNU C compiler
configure:5822: result: yes
configure:5831: checking whether gcc accepts -g
configure:5892: result: yes
configure:5909: checking for gcc option to accept ISO C89
configure:5985: result: none needed
configure:6010: checking whether gcc understands -c and -o together
configure:6047: result: yes
configure:6066: checking dependency style of gcc
configure:6177: result: gcc3
configure:6253: checking for g++
configure:6269: found /usr/bin/g++
configure:6280: result: g++
configure:6307: checking for C++ compiler version
configure:6316: g++ --version >&5
g++ (Ubuntu 5.4.0-6ubuntu1~16.04.2) 5.4.0 20160609
Copyright (C) 2015 Free Software Foundation, Inc.
This is free software; see the source for copying conditions.  There is NO
warranty; not even for MERCHANTABILITY or FITNESS FOR A PARTICULAR PURPOSE.

configure:6327: $? = 0
configure:6316: g++ -v >&5
Using built-in specs.
COLLECT_GCC=g++
COLLECT_LTO_WRAPPER=/usr/lib/gcc/x86_64-linux-gnu/5/lto-wrapper
Target: x86_64-linux-gnu
Configured with: ../src/configure -v --with-pkgversion='Ubuntu 5.4.0-6ubuntu1~16.04.2' --with-bugurl=file:///usr/share/doc/gcc-5/README.Bugs --enable-languages=c,ada,c++,java,go,d,fortran,objc,obj-c++ --prefix=/usr --program-suffix=-5 --enable-shared --enable-linker-build-id --libexecdir=/usr/lib --without-included-gettext --enable-threads=posix --libdir=/usr/lib --enable-nls --with-sysroot=/ --enable-clocale=gnu --enable-libstdcxx-debug --enable-libstdcxx-time=yes --with-default-libstdcxx-abi=new --enable-gnu-unique-object --disable-vtable-verify --enable-libmpx --enable-plugin --with-system-zlib --disable-browser-plugin --enable-java-awt=gtk --enable-gtk-cairo --with-java-home=/usr/lib/jvm/java-1.5.0-gcj-5-amd64/jre --enable-java-home --with-jvm-root-dir=/usr/lib/jvm/java-1.5.0-gcj-5-amd64 --with-jvm-jar-dir=/usr/lib/jvm-exports/java-1.5.0-gcj-5-amd64 --with-arch-directory=amd64 --with-ecj-jar=/usr/share/java/eclipse-ecj.jar --enable-objc-gc --enable-multiarch --disable-werror --with-arch-32=i686 --with-abi=m64 --with-multilib-list=m32,m64,mx32 --enable-multilib --with-tune=generic --enable-checking=release --build=x86_64-linux-gnu --host=x86_64-linux-gnu --target=x86_64-linux-gnu
Thread model: posix
gcc version 5.4.0 20160609 (Ubuntu 5.4.0-6ubuntu1~16.04.2) 
configure:6327: $? = 0
configure:6316: g++ -V >&5
g++: error: unrecognized command line option '-V'
g++: fatal error: no input files
compilation terminated.
configure:6327: $? = 1
configure:6316: g++ -qversion >&5
g++: error: unrecognized command line option '-qversion'
g++: fatal error: no input files
compilation terminated.
configure:6327: $? = 1
configure:6331: checking whether we are using the GNU C++ compiler
configure:6350: g++ -c   conftest.cpp >&5
configure:6350: $? = 0
configure:6359: result: yes
configure:6368: checking whether g++ accepts -g
configure:6388: g++ -c -g  conftest.cpp >&5
configure:6388: $? = 0
configure:6429: result: yes
configure:6454: checking dependency style of g++
configure:6565: result: gcc3
configure:6581: checking whether ln -s works
configure:6585: result: yes
configure:6643: checking for gcc-ar
configure:6659: found /usr/bin/gcc-ar
configure:6670: result: gcc-ar
configure:6743: checking for gcc-ranlib
configure:6759: found /usr/bin/gcc-ranlib
configure:6770: result: gcc-ranlib
configure:6825: checking build system type
configure:6839: result: x86_64-unknown-linux-gnu
configure:6859: checking host system type
configure:6872: result: x86_64-unknown-linux-gnu
configure:6913: checking how to print strings
configure:6940: result: printf
configure:6961: checking for a sed that does not truncate output
configure:7025: result: /bin/sed
configure:7043: checking for fgrep
configure:7105: result: /bin/grep -F
configure:7140: checking for ld used by gcc
configure:7207: result: /usr/bin/ld
configure:7214: checking if the linker (/usr/bin/ld) is GNU ld
configure:7229: result: yes
configure:7241: checking for BSD- or MS-compatible name lister (nm)
configure:7295: result: /usr/bin/nm -B
configure:7425: checking the name lister (/usr/bin/nm -B) interface
configure:7432: gcc -c -g -O2  conftest.c >&5
configure:7435: /usr/bin/nm -B "conftest.o"
configure:7438: output
0000000000000000 B some_variable
configure:7445: result: BSD nm
configure:7449: checking the maximum length of command line arguments
configure:7580: result: 1572864
configure:7628: checking how to convert x86_64-unknown-linux-gnu file names to x86_64-unknown-linux-gnu format
configure:7668: result: func_convert_file_noop
configure:7675: checking how to convert x86_64-unknown-linux-gnu file names to toolchain format
configure:7695: result: func_convert_file_noop
configure:7702: checking for /usr/bin/ld option to reload object files
configure:7709: result: -r
configure:7783: checking for objdump
configure:7799: found /usr/bin/objdump
configure:7810: result: objdump
configure:7842: checking how to recognize dependent libraries
configure:8042: result: pass_all
configure:8127: checking for dlltool
configure:8157: result: no
configure:8187: checking how to associate runtime and link libraries
configure:8214: result: printf %s\n
configure:8338: checking for archiver @FILE support
configure:8355: gcc -c -g -O2  conftest.c >&5
configure:8355: $? = 0
configure:8358: gcc-ar cru libconftest.a @conftest.lst >&5
/usr/bin/ar: `u' modifier ignored since `D' is the default (see `U')
configure:8361: $? = 0
configure:8366: gcc-ar cru libconftest.a @conftest.lst >&5
/usr/bin/ar: `u' modifier ignored since `D' is the default (see `U')
/usr/bin/ar: conftest.o: No such file or directory
configure:8369: $? = 1
configure:8381: result: @
configure:8439: checking for strip
configure:8455: found /usr/bin/strip
configure:8466: result: strip
configure:8538: checking for ranlib
configure:8565: result: gcc-ranlib
configure:8667: checking command to parse /usr/bin/nm -B output from gcc object
configure:8820: gcc -c -g -O2  conftest.c >&5
configure:8823: $? = 0
configure:8827: /usr/bin/nm -B conftest.o \| sed -n -e 's/^.*[ ]\([ABCDGIRSTW][ABCDGIRSTW]*\)[ ][ ]*\([_A-Za-z][_A-Za-z0-9]*\)$/\1 \2 \2/p' | sed '/ __gnu_lto/d' \> conftest.nm
configure:8830: $? = 0
configure:8896: gcc -o conftest -g -O2   conftest.c conftstm.o >&5
configure:8899: $? = 0
configure:8937: result: ok
configure:8984: checking for sysroot
configure:9014: result: no
configure:9021: checking for a working dd
configure:9059: result: /bin/dd
configure:9063: checking how to truncate binary pipes
configure:9078: result: /bin/dd bs=4096 count=1
configure:9214: gcc -c -g -O2  conftest.c >&5
configure:9217: $? = 0
configure:9407: checking for mt
configure:9423: found /bin/mt
configure:9434: result: mt
configure:9457: checking if mt is a manifest tool
configure:9463: mt '-?'
configure:9471: result: no
configure:10145: checking for dlfcn.h
configure:10145: gcc -c -g -O2  conftest.c >&5
configure:10145: $? = 0
configure:10145: result: yes
configure:10411: checking for objdir
configure:10426: result: .libs
configure:10690: checking if gcc supports -fno-rtti -fno-exceptions
configure:10708: gcc -c -g -O2  -fno-rtti -fno-exceptions conftest.c >&5
cc1: warning: command line option '-fno-rtti' is valid for C++/ObjC++ but not for C
configure:10712: $? = 0
configure:10725: result: no
configure:11083: checking for gcc option to produce PIC
configure:11090: result: -fPIC -DPIC
configure:11098: checking if gcc PIC flag -fPIC -DPIC works
configure:11116: gcc -c -g -O2  -fPIC -DPIC -DPIC conftest.c >&5
configure:11120: $? = 0
configure:11133: result: yes
configure:11162: checking if gcc static flag -static works
configure:11190: result: yes
configure:11205: checking if gcc supports -c -o file.o
configure:11226: gcc -c -g -O2  -o out/conftest2.o conftest.c >&5
configure:11230: $? = 0
configure:11252: result: yes
configure:11260: checking if gcc supports -c -o file.o
configure:11307: result: yes
configure:11340: checking whether the gcc linker (/usr/bin/ld -m elf_x86_64) supports shared libraries
configure:12599: result: yes
configure:12636: checking whether -lc should be explicitly linked in
configure:12644: gcc -c -g -O2  conftest.c >&5
configure:12647: $? = 0
configure:12662: gcc -shared  -fPIC -DPIC conftest.o  -v -Wl,-soname -Wl,conftest -o conftest 2\>\&1 \| /bin/grep  -lc  \>/dev/null 2\>\&1
configure:12665: $? = 0
configure:12679: result: no
configure:12839: checking dynamic linker characteristics
configure:13420: gcc -o conftest -g -O2   -Wl,-rpath -Wl,/foo conftest.c  >&5
configure:13420: $? = 0
configure:13660: result: GNU/Linux ld.so
configure:13782: checking how to hardcode library paths into programs
configure:13807: result: immediate
configure:14355: checking whether stripping libraries is possible
configure:14360: result: yes
configure:14395: checking if libtool supports shared libraries
configure:14397: result: yes
configure:14400: checking whether to build shared libraries
configure:14425: result: yes
configure:14428: checking whether to build static libraries
configure:14432: result: no
configure:14455: checking how to run the C++ preprocessor
configure:14482: g++ -E  conftest.cpp
configure:14482: $? = 0
configure:14496: g++ -E  conftest.cpp
conftest.cpp:28:28: fatal error: ac_nonexistent.h: No such file or directory
compilation terminated.
configure:14496: $? = 1
configure: failed program was:
| /* confdefs.h */
| #define PACKAGE_NAME "NetworkManager"
| #define PACKAGE_TARNAME "NetworkManager"
| #define PACKAGE_VERSION "1.4.0"
| #define PACKAGE_STRING "NetworkManager 1.4.0"
| #define PACKAGE_BUGREPORT "http://bugzilla.gnome.org/enter_bug.cgi?product=NetworkManager"
| #define PACKAGE_URL ""
| #define PACKAGE "NetworkManager"
| #define VERSION "1.4.0"
| #define STDC_HEADERS 1
| #define HAVE_SYS_TYPES_H 1
| #define HAVE_SYS_STAT_H 1
| #define HAVE_STDLIB_H 1
| #define HAVE_STRING_H 1
| #define HAVE_MEMORY_H 1
| #define HAVE_STRINGS_H 1
| #define HAVE_INTTYPES_H 1
| #define HAVE_STDINT_H 1
| #define HAVE_UNISTD_H 1
| #define __EXTENSIONS__ 1
| #define _ALL_SOURCE 1
| #define _GNU_SOURCE 1
| #define _POSIX_PTHREAD_SEMANTICS 1
| #define _TANDEM_SOURCE 1
| #define HAVE_DLFCN_H 1
| #define LT_OBJDIR ".libs/"
| /* end confdefs.h.  */
| #include <ac_nonexistent.h>
configure:14521: result: g++ -E
configure:14541: g++ -E  conftest.cpp
configure:14541: $? = 0
configure:14555: g++ -E  conftest.cpp
conftest.cpp:28:28: fatal error: ac_nonexistent.h: No such file or directory
compilation terminated.
configure:14555: $? = 1
configure: failed program was:
| /* confdefs.h */
| #define PACKAGE_NAME "NetworkManager"
| #define PACKAGE_TARNAME "NetworkManager"
| #define PACKAGE_VERSION "1.4.0"
| #define PACKAGE_STRING "NetworkManager 1.4.0"
| #define PACKAGE_BUGREPORT "http://bugzilla.gnome.org/enter_bug.cgi?product=NetworkManager"
| #define PACKAGE_URL ""
| #define PACKAGE "NetworkManager"
| #define VERSION "1.4.0"
| #define STDC_HEADERS 1
| #define HAVE_SYS_TYPES_H 1
| #define HAVE_SYS_STAT_H 1
| #define HAVE_STDLIB_H 1
| #define HAVE_STRING_H 1
| #define HAVE_MEMORY_H 1
| #define HAVE_STRINGS_H 1
| #define HAVE_INTTYPES_H 1
| #define HAVE_STDINT_H 1
| #define HAVE_UNISTD_H 1
| #define __EXTENSIONS__ 1
| #define _ALL_SOURCE 1
| #define _GNU_SOURCE 1
| #define _POSIX_PTHREAD_SEMANTICS 1
| #define _TANDEM_SOURCE 1
| #define HAVE_DLFCN_H 1
| #define LT_OBJDIR ".libs/"
| /* end confdefs.h.  */
| #include <ac_nonexistent.h>
configure:14717: checking for ld used by g++
configure:14784: result: /usr/bin/ld -m elf_x86_64
configure:14791: checking if the linker (/usr/bin/ld -m elf_x86_64) is GNU ld
configure:14806: result: yes
configure:14861: checking whether the g++ linker (/usr/bin/ld -m elf_x86_64) supports shared libraries
configure:15934: result: yes
configure:15970: g++ -c -g -O2  conftest.cpp >&5
configure:15973: $? = 0
configure:16454: checking for g++ option to produce PIC
configure:16461: result: -fPIC -DPIC
configure:16469: checking if g++ PIC flag -fPIC -DPIC works
configure:16487: g++ -c -g -O2  -fPIC -DPIC -DPIC conftest.cpp >&5
configure:16491: $? = 0
configure:16504: result: yes
configure:16527: checking if g++ static flag -static works
configure:16555: result: yes
configure:16567: checking if g++ supports -c -o file.o
configure:16588: g++ -c -g -O2  -o out/conftest2.o conftest.cpp >&5
configure:16592: $? = 0
configure:16614: result: yes
configure:16619: checking if g++ supports -c -o file.o
configure:16666: result: yes
configure:16696: checking whether the g++ linker (/usr/bin/ld -m elf_x86_64) supports shared libraries
configure:16736: result: yes
configure:16877: checking dynamic linker characteristics
configure:17625: result: GNU/Linux ld.so
configure:17690: checking how to hardcode library paths into programs
configure:17715: result: immediate
configure:17793: checking for pid_t
configure:17793: gcc -c -g -O2  conftest.c >&5
configure:17793: $? = 0
configure:17793: gcc -c -g -O2  conftest.c >&5
conftest.c: In function 'main':
conftest.c:65:20: error: expected expression before ')' token
 if (sizeof ((pid_t)))
                    ^
configure:17793: $? = 1
configure: failed program was:
| /* confdefs.h */
| #define PACKAGE_NAME "NetworkManager"
| #define PACKAGE_TARNAME "NetworkManager"
| #define PACKAGE_VERSION "1.4.0"
| #define PACKAGE_STRING "NetworkManager 1.4.0"
| #define PACKAGE_BUGREPORT "http://bugzilla.gnome.org/enter_bug.cgi?product=NetworkManager"
| #define PACKAGE_URL ""
| #define PACKAGE "NetworkManager"
| #define VERSION "1.4.0"
| #define STDC_HEADERS 1
| #define HAVE_SYS_TYPES_H 1
| #define HAVE_SYS_STAT_H 1
| #define HAVE_STDLIB_H 1
| #define HAVE_STRING_H 1
| #define HAVE_MEMORY_H 1
| #define HAVE_STRINGS_H 1
| #define HAVE_INTTYPES_H 1
| #define HAVE_STDINT_H 1
| #define HAVE_UNISTD_H 1
| #define __EXTENSIONS__ 1
| #define _ALL_SOURCE 1
| #define _GNU_SOURCE 1
| #define _POSIX_PTHREAD_SEMANTICS 1
| #define _TANDEM_SOURCE 1
| #define HAVE_DLFCN_H 1
| #define LT_OBJDIR ".libs/"
| #define NM_GIT_SHA "93b4119a81af57c274ac58210a8776afecf2a252"
| /* end confdefs.h.  */
| #include <stdio.h>
| #ifdef HAVE_SYS_TYPES_H
| # include <sys/types.h>
| #endif
| #ifdef HAVE_SYS_STAT_H
| # include <sys/stat.h>
| #endif
| #ifdef STDC_HEADERS
| # include <stdlib.h>
| # include <stddef.h>
| #else
| # ifdef HAVE_STDLIB_H
| #  include <stdlib.h>
| # endif
| #endif
| #ifdef HAVE_STRING_H
| # if !defined STDC_HEADERS && defined HAVE_MEMORY_H
| #  include <memory.h>
| # endif
| # include <string.h>
| #endif
| #ifdef HAVE_STRINGS_H
| # include <strings.h>
| #endif
| #ifdef HAVE_INTTYPES_H
| # include <inttypes.h>
| #endif
| #ifdef HAVE_STDINT_H
| # include <stdint.h>
| #endif
| #ifdef HAVE_UNISTD_H
| # include <unistd.h>
| #endif
| int
| main ()
| {
| if (sizeof ((pid_t)))
| 	    return 0;
|   ;
|   return 0;
| }
configure:17793: result: yes
configure:17808: checking size of dev_t
configure:17813: gcc -o conftest -g -O2   conftest.c  >&5
configure:17813: $? = 0
configure:17813: ./conftest
configure:17813: $? = 0
configure:17827: result: 8
configure:17839: checking whether NLS is requested
configure:17848: result: yes
configure:17866: checking for intltool >= 0.40.0
configure:17868: result: 0.51.0 found
configure:17876: checking for intltool-update
configure:17894: found /usr/bin/intltool-update
configure:17906: result: /usr/bin/intltool-update
configure:17916: checking for intltool-merge
configure:17934: found /usr/bin/intltool-merge
configure:17946: result: /usr/bin/intltool-merge
configure:17956: checking for intltool-extract
configure:17974: found /usr/bin/intltool-extract
configure:17986: result: /usr/bin/intltool-extract
configure:18140: checking for xgettext
configure:18158: found /usr/bin/xgettext
configure:18170: result: /usr/bin/xgettext
configure:18180: checking for msgmerge
configure:18198: found /usr/bin/msgmerge
configure:18210: result: /usr/bin/msgmerge
configure:18220: checking for msgfmt
configure:18238: found /usr/bin/msgfmt
configure:18250: result: /usr/bin/msgfmt
configure:18260: checking for gmsgfmt
configure:18291: result: /usr/bin/msgfmt
configure:18311: checking for perl
configure:18329: found /usr/bin/perl
configure:18341: result: /usr/bin/perl
configure:18352: checking for perl >= 5.8.1
configure:18359: result: 5.22.1
configure:18363: checking for XML::Parser
configure:18366: result: ok
configure:18424: checking for msgfmt
configure:18456: result: /usr/bin/msgfmt
configure:18465: checking for gmsgfmt
configure:18496: result: /usr/bin/msgfmt
configure:18547: checking for xgettext
configure:18579: result: /usr/bin/xgettext
configure:18625: checking for msgmerge
configure:18656: result: /usr/bin/msgmerge
configure:18713: checking for ld used by GCC
configure:18777: result: /usr/bin/ld -m elf_x86_64
configure:18784: checking if the linker (/usr/bin/ld -m elf_x86_64) is GNU ld
configure:18797: result: yes
configure:18804: checking for shared library run path origin
configure:18817: result: done
configure:19318: checking for CFPreferencesCopyAppValue
configure:19336: gcc -o conftest -g -O2   conftest.c  -Wl,-framework -Wl,CoreFoundation >&5
conftest.c:30:42: fatal error: CoreFoundation/CFPreferences.h: No such file or directory
compilation terminated.
configure:19336: $? = 1
configure: failed program was:
| /* confdefs.h */
| #define PACKAGE_NAME "NetworkManager"
| #define PACKAGE_TARNAME "NetworkManager"
| #define PACKAGE_VERSION "1.4.0"
| #define PACKAGE_STRING "NetworkManager 1.4.0"
| #define PACKAGE_BUGREPORT "http://bugzilla.gnome.org/enter_bug.cgi?product=NetworkManager"
| #define PACKAGE_URL ""
| #define PACKAGE "NetworkManager"
| #define VERSION "1.4.0"
| #define STDC_HEADERS 1
| #define HAVE_SYS_TYPES_H 1
| #define HAVE_SYS_STAT_H 1
| #define HAVE_STDLIB_H 1
| #define HAVE_STRING_H 1
| #define HAVE_MEMORY_H 1
| #define HAVE_STRINGS_H 1
| #define HAVE_INTTYPES_H 1
| #define HAVE_STDINT_H 1
| #define HAVE_UNISTD_H 1
| #define __EXTENSIONS__ 1
| #define _ALL_SOURCE 1
| #define _GNU_SOURCE 1
| #define _POSIX_PTHREAD_SEMANTICS 1
| #define _TANDEM_SOURCE 1
| #define HAVE_DLFCN_H 1
| #define LT_OBJDIR ".libs/"
| #define NM_GIT_SHA "93b4119a81af57c274ac58210a8776afecf2a252"
| #define SIZEOF_DEV_T 8
| /* end confdefs.h.  */
| #include <CoreFoundation/CFPreferences.h>
| int
| main ()
| {
| CFPreferencesCopyAppValue(NULL, NULL)
|   ;
|   return 0;
| }
configure:19345: result: no
configure:19352: checking for CFLocaleCopyCurrent
configure:19370: gcc -o conftest -g -O2   conftest.c  -Wl,-framework -Wl,CoreFoundation >&5
conftest.c:30:37: fatal error: CoreFoundation/CFLocale.h: No such file or directory
compilation terminated.
configure:19370: $? = 1
configure: failed program was:
| /* confdefs.h */
| #define PACKAGE_NAME "NetworkManager"
| #define PACKAGE_TARNAME "NetworkManager"
| #define PACKAGE_VERSION "1.4.0"
| #define PACKAGE_STRING "NetworkManager 1.4.0"
| #define PACKAGE_BUGREPORT "http://bugzilla.gnome.org/enter_bug.cgi?product=NetworkManager"
| #define PACKAGE_URL ""
| #define PACKAGE "NetworkManager"
| #define VERSION "1.4.0"
| #define STDC_HEADERS 1
| #define HAVE_SYS_TYPES_H 1
| #define HAVE_SYS_STAT_H 1
| #define HAVE_STDLIB_H 1
| #define HAVE_STRING_H 1
| #define HAVE_MEMORY_H 1
| #define HAVE_STRINGS_H 1
| #define HAVE_INTTYPES_H 1
| #define HAVE_STDINT_H 1
| #define HAVE_UNISTD_H 1
| #define __EXTENSIONS__ 1
| #define _ALL_SOURCE 1
| #define _GNU_SOURCE 1
| #define _POSIX_PTHREAD_SEMANTICS 1
| #define _TANDEM_SOURCE 1
| #define HAVE_DLFCN_H 1
| #define LT_OBJDIR ".libs/"
| #define NM_GIT_SHA "93b4119a81af57c274ac58210a8776afecf2a252"
| #define SIZEOF_DEV_T 8
| /* end confdefs.h.  */
| #include <CoreFoundation/CFLocale.h>
| int
| main ()
| {
| CFLocaleCopyCurrent();
|   ;
|   return 0;
| }
configure:19379: result: no
configure:19428: checking for GNU gettext in libc
configure:19448: gcc -o conftest -g -O2   conftest.c  >&5
configure:19448: $? = 0
configure:19457: result: yes
configure:20203: checking whether to use NLS
configure:20205: result: yes
configure:20208: checking where the gettext function comes from
configure:20219: result: libc
configure:20286: checking whether byte ordering is bigendian
configure:20301: gcc -c -g -O2  conftest.c >&5
conftest.c:35:9: error: unknown type name 'not'
         not a universal capable compiler
         ^
conftest.c:35:15: error: expected '=', ',', ';', 'asm' or '__attribute__' before 'universal'
         not a universal capable compiler
               ^
conftest.c:35:15: error: unknown type name 'universal'
configure:20301: $? = 1
configure: failed program was:
| /* confdefs.h */
| #define PACKAGE_NAME "NetworkManager"
| #define PACKAGE_TARNAME "NetworkManager"
| #define PACKAGE_VERSION "1.4.0"
| #define PACKAGE_STRING "NetworkManager 1.4.0"
| #define PACKAGE_BUGREPORT "http://bugzilla.gnome.org/enter_bug.cgi?product=NetworkManager"
| #define PACKAGE_URL ""
| #define PACKAGE "NetworkManager"
| #define VERSION "1.4.0"
| #define STDC_HEADERS 1
| #define HAVE_SYS_TYPES_H 1
| #define HAVE_SYS_STAT_H 1
| #define HAVE_STDLIB_H 1
| #define HAVE_STRING_H 1
| #define HAVE_MEMORY_H 1
| #define HAVE_STRINGS_H 1
| #define HAVE_INTTYPES_H 1
| #define HAVE_STDINT_H 1
| #define HAVE_UNISTD_H 1
| #define __EXTENSIONS__ 1
| #define _ALL_SOURCE 1
| #define _GNU_SOURCE 1
| #define _POSIX_PTHREAD_SEMANTICS 1
| #define _TANDEM_SOURCE 1
| #define HAVE_DLFCN_H 1
| #define LT_OBJDIR ".libs/"
| #define NM_GIT_SHA "93b4119a81af57c274ac58210a8776afecf2a252"
| #define SIZEOF_DEV_T 8
| #define ENABLE_NLS 1
| #define HAVE_GETTEXT 1
| #define HAVE_DCGETTEXT 1
| #define GETTEXT_PACKAGE "NetworkManager"
| /* end confdefs.h.  */
| #ifndef __APPLE_CC__
| 	       not a universal capable compiler
| 	     #endif
| 	     typedef int dummy;
| 
configure:20346: gcc -c -g -O2  conftest.c >&5
configure:20346: $? = 0
configure:20364: gcc -c -g -O2  conftest.c >&5
conftest.c: In function 'main':
conftest.c:41:4: error: unknown type name 'not'
    not big endian
    ^
conftest.c:41:12: error: expected '=', ',', ';', 'asm' or '__attribute__' before 'endian'
    not big endian
            ^
configure:20364: $? = 1
configure: failed program was:
| /* confdefs.h */
| #define PACKAGE_NAME "NetworkManager"
| #define PACKAGE_TARNAME "NetworkManager"
| #define PACKAGE_VERSION "1.4.0"
| #define PACKAGE_STRING "NetworkManager 1.4.0"
| #define PACKAGE_BUGREPORT "http://bugzilla.gnome.org/enter_bug.cgi?product=NetworkManager"
| #define PACKAGE_URL ""
| #define PACKAGE "NetworkManager"
| #define VERSION "1.4.0"
| #define STDC_HEADERS 1
| #define HAVE_SYS_TYPES_H 1
| #define HAVE_SYS_STAT_H 1
| #define HAVE_STDLIB_H 1
| #define HAVE_STRING_H 1
| #define HAVE_MEMORY_H 1
| #define HAVE_STRINGS_H 1
| #define HAVE_INTTYPES_H 1
| #define HAVE_STDINT_H 1
| #define HAVE_UNISTD_H 1
| #define __EXTENSIONS__ 1
| #define _ALL_SOURCE 1
| #define _GNU_SOURCE 1
| #define _POSIX_PTHREAD_SEMANTICS 1
| #define _TANDEM_SOURCE 1
| #define HAVE_DLFCN_H 1
| #define LT_OBJDIR ".libs/"
| #define NM_GIT_SHA "93b4119a81af57c274ac58210a8776afecf2a252"
| #define SIZEOF_DEV_T 8
| #define ENABLE_NLS 1
| #define HAVE_GETTEXT 1
| #define HAVE_DCGETTEXT 1
| #define GETTEXT_PACKAGE "NetworkManager"
| /* end confdefs.h.  */
| #include <sys/types.h>
| 		#include <sys/param.h>
| 
| int
| main ()
| {
| #if BYTE_ORDER != BIG_ENDIAN
| 		 not big endian
| 		#endif
| 
|   ;
|   return 0;
| }
configure:20492: result: no
configure:20535: checking for __secure_getenv
configure:20535: gcc -o conftest -g -O2   conftest.c  >&5
/tmp/ccDIUmQZ.o: In function `main':
/home/raphael/Documents/Projet/NetworkManager-1.4.0/conftest.c:68: undefined reference to `__secure_getenv'
collect2: error: ld returned 1 exit status
configure:20535: $? = 1
configure: failed program was:
| /* confdefs.h */
| #define PACKAGE_NAME "NetworkManager"
| #define PACKAGE_TARNAME "NetworkManager"
| #define PACKAGE_VERSION "1.4.0"
| #define PACKAGE_STRING "NetworkManager 1.4.0"
| #define PACKAGE_BUGREPORT "http://bugzilla.gnome.org/enter_bug.cgi?product=NetworkManager"
| #define PACKAGE_URL ""
| #define PACKAGE "NetworkManager"
| #define VERSION "1.4.0"
| #define STDC_HEADERS 1
| #define HAVE_SYS_TYPES_H 1
| #define HAVE_SYS_STAT_H 1
| #define HAVE_STDLIB_H 1
| #define HAVE_STRING_H 1
| #define HAVE_MEMORY_H 1
| #define HAVE_STRINGS_H 1
| #define HAVE_INTTYPES_H 1
| #define HAVE_STDINT_H 1
| #define HAVE_UNISTD_H 1
| #define __EXTENSIONS__ 1
| #define _ALL_SOURCE 1
| #define _GNU_SOURCE 1
| #define _POSIX_PTHREAD_SEMANTICS 1
| #define _TANDEM_SOURCE 1
| #define HAVE_DLFCN_H 1
| #define LT_OBJDIR ".libs/"
| #define NM_GIT_SHA "93b4119a81af57c274ac58210a8776afecf2a252"
| #define SIZEOF_DEV_T 8
| #define ENABLE_NLS 1
| #define HAVE_GETTEXT 1
| #define HAVE_DCGETTEXT 1
| #define GETTEXT_PACKAGE "NetworkManager"
| /* end confdefs.h.  */
| /* Define __secure_getenv to an innocuous variant, in case <limits.h> declares __secure_getenv.
|    For example, HP-UX 11i <limits.h> declares gettimeofday.  */
| #define __secure_getenv innocuous___secure_getenv
| 
| /* System header to define __stub macros and hopefully few prototypes,
|     which can conflict with char __secure_getenv (); below.
|     Prefer <limits.h> to <assert.h> if __STDC__ is defined, since
|     <limits.h> exists even on freestanding compilers.  */
| 
| #ifdef __STDC__
| # include <limits.h>
| #else
| # include <assert.h>
| #endif
| 
| #undef __secure_getenv
| 
| /* Override any GCC internal prototype to avoid an error.
|    Use char because int might match the return type of a GCC
|    builtin and then its argument prototype would still apply.  */
| #ifdef __cplusplus
| extern "C"
| #endif
| char __secure_getenv ();
| /* The GNU C library defines this for functions which it implements
|     to always fail with ENOSYS.  Some functions are actually named
|     something starting with __ and the normal name is an alias.  */
| #if defined __stub___secure_getenv || defined __stub_____secure_getenv
| choke me
| #endif
| 
| int
| main ()
| {
| return __secure_getenv ();
|   ;
|   return 0;
| }
configure:20535: result: no
configure:20535: checking for secure_getenv
configure:20535: gcc -o conftest -g -O2   conftest.c  >&5
configure:20535: $? = 0
configure:20535: result: yes
configure:20573: checking for /etc/redhat-release
configure:20586: result: no
configure:20594: checking for /etc/fedora-release
configure:20607: result: no
configure:20615: checking for /etc/mandriva-release
configure:20628: result: no
configure:20636: checking for /etc/SuSE-release
configure:20649: result: no
configure:20657: checking for /etc/debian_version
configure:20670: result: yes
configure:20678: checking for /etc/gentoo-release
configure:20691: result: no
configure:20794: checking whether to build with code coverage support
configure:20813: result: no
configure:21085: checking Linux kernel WEXT headers
configure:21106: gcc -c -g -O2  conftest.c >&5
configure:21106: $? = 0
configure:21112: result: yes
configure:21134: checking Linux kernel nl80211 headers
configure:21153: gcc -c -g -O2  conftest.c >&5
configure:21153: $? = 0
configure:21159: result: yes
configure:21206: checking Linux kernel VLAN_FLAG_LOOSE_BINDING enum value
configure:21224: gcc -c -g -O2  conftest.c >&5
configure:21224: $? = 0
configure:21230: result: yes
configure:21330: checking for cos in -lm
configure:21355: gcc -o conftest -g -O2   conftest.c -lm   >&5
conftest.c:48:6: warning: conflicting types for built-in function 'cos'
 char cos ();
      ^
configure:21355: $? = 0
configure:21364: result: yes
configure:21375: checking for library containing dlopen
configure:21406: gcc -o conftest -g -O2   conftest.c  >&5
/tmp/ccmypk3l.o: In function `main':
/home/raphael/Documents/Projet/NetworkManager-1.4.0/conftest.c:52: undefined reference to `dlopen'
collect2: error: ld returned 1 exit status
configure:21406: $? = 1
configure: failed program was:
| /* confdefs.h */
| #define PACKAGE_NAME "NetworkManager"
| #define PACKAGE_TARNAME "NetworkManager"
| #define PACKAGE_VERSION "1.4.0"
| #define PACKAGE_STRING "NetworkManager 1.4.0"
| #define PACKAGE_BUGREPORT "http://bugzilla.gnome.org/enter_bug.cgi?product=NetworkManager"
| #define PACKAGE_URL ""
| #define PACKAGE "NetworkManager"
| #define VERSION "1.4.0"
| #define STDC_HEADERS 1
| #define HAVE_SYS_TYPES_H 1
| #define HAVE_SYS_STAT_H 1
| #define HAVE_STDLIB_H 1
| #define HAVE_STRING_H 1
| #define HAVE_MEMORY_H 1
| #define HAVE_STRINGS_H 1
| #define HAVE_INTTYPES_H 1
| #define HAVE_STDINT_H 1
| #define HAVE_UNISTD_H 1
| #define __EXTENSIONS__ 1
| #define _ALL_SOURCE 1
| #define _GNU_SOURCE 1
| #define _POSIX_PTHREAD_SEMANTICS 1
| #define _TANDEM_SOURCE 1
| #define HAVE_DLFCN_H 1
| #define LT_OBJDIR ".libs/"
| #define NM_GIT_SHA "93b4119a81af57c274ac58210a8776afecf2a252"
| #define SIZEOF_DEV_T 8
| #define ENABLE_NLS 1
| #define HAVE_GETTEXT 1
| #define HAVE_DCGETTEXT 1
| #define GETTEXT_PACKAGE "NetworkManager"
| #define HAVE_SECURE_GETENV 1
| #define CONFIG_PLUGINS_DEFAULT "ifupdown,ibft"
| #define WITH_SETTINGS_PLUGIN_IBFT 1
| #define WITH_WIFI 1
| #define HAVE_WEXT 1
| #define HAVE_NL80211_CRITICAL_PROTOCOL_CMDS 0
| #define HAVE_VLAN_FLAG_LOOSE_BINDING 1
| /* end confdefs.h.  */
| 
| /* Override any GCC internal prototype to avoid an error.
|    Use char because int might match the return type of a GCC
|    builtin and then its argument prototype would still apply.  */
| #ifdef __cplusplus
| extern "C"
| #endif
| char dlopen ();
| int
| main ()
| {
| return dlopen ();
|   ;
|   return 0;
| }
configure:21406: gcc -o conftest -g -O2   conftest.c -ldl   >&5
configure:21406: $? = 0
configure:21423: result: -ldl
configure:21490: checking for pkg-config
configure:21508: found /usr/bin/pkg-config
configure:21520: result: /usr/bin/pkg-config
configure:21545: checking pkg-config is at least version 0.9.0
configure:21548: result: yes
configure:21558: checking for GLIB
configure:21565: $PKG_CONFIG --exists --print-errors "gio-unix-2.0 >= 2.37.6 gmodule-2.0"
Package gio-unix-2.0 was not found in the pkg-config search path.
Perhaps you should add the directory containing `gio-unix-2.0.pc'
to the PKG_CONFIG_PATH environment variable
No package 'gio-unix-2.0' found
Package gmodule-2.0 was not found in the pkg-config search path.
Perhaps you should add the directory containing `gmodule-2.0.pc'
to the PKG_CONFIG_PATH environment variable
No package 'gmodule-2.0' found
configure:21568: $? = 1
configure:21582: $PKG_CONFIG --exists --print-errors "gio-unix-2.0 >= 2.37.6 gmodule-2.0"
Package gio-unix-2.0 was not found in the pkg-config search path.
Perhaps you should add the directory containing `gio-unix-2.0.pc'
to the PKG_CONFIG_PATH environment variable
No package 'gio-unix-2.0' found
Package gmodule-2.0 was not found in the pkg-config search path.
Perhaps you should add the directory containing `gmodule-2.0.pc'
to the PKG_CONFIG_PATH environment variable
No package 'gmodule-2.0' found
configure:21585: $? = 1
configure:21599: result: no
No package 'gio-unix-2.0' found
No package 'gmodule-2.0' found
configure:21617: checking for GLIB
configure:21624: $PKG_CONFIG --exists --print-errors "gio-unix-2.0 >= 2.32 gmodule-2.0"
Package gio-unix-2.0 was not found in the pkg-config search path.
Perhaps you should add the directory containing `gio-unix-2.0.pc'
to the PKG_CONFIG_PATH environment variable
No package 'gio-unix-2.0' found
Package gmodule-2.0 was not found in the pkg-config search path.
Perhaps you should add the directory containing `gmodule-2.0.pc'
to the PKG_CONFIG_PATH environment variable
No package 'gmodule-2.0' found
configure:21627: $? = 1
configure:21641: $PKG_CONFIG --exists --print-errors "gio-unix-2.0 >= 2.32 gmodule-2.0"
Package gio-unix-2.0 was not found in the pkg-config search path.
Perhaps you should add the directory containing `gio-unix-2.0.pc'
to the PKG_CONFIG_PATH environment variable
No package 'gio-unix-2.0' found
Package gmodule-2.0 was not found in the pkg-config search path.
Perhaps you should add the directory containing `gmodule-2.0.pc'
to the PKG_CONFIG_PATH environment variable
No package 'gmodule-2.0' found
configure:21644: $? = 1
configure:21658: result: no
No package 'gio-unix-2.0' found
No package 'gmodule-2.0' found
configure:21674: error: Package requirements (gio-unix-2.0 >= 2.32 gmodule-2.0) were not met:

No package 'gio-unix-2.0' found
No package 'gmodule-2.0' found

Consider adjusting the PKG_CONFIG_PATH environment variable if you
installed software in a non-standard prefix.

Alternatively, you may set the environment variables GLIB_CFLAGS
and GLIB_LIBS to avoid the need to call pkg-config.
See the pkg-config man page for more details.

## ---------------- ##
## Cache variables. ##
## ---------------- ##

ac_cv_build=x86_64-unknown-linux-gnu
ac_cv_c_bigendian=no
ac_cv_c_compiler_gnu=yes
ac_cv_cxx_compiler_gnu=yes
ac_cv_env_BLUEZ5_CFLAGS_set=
ac_cv_env_BLUEZ5_CFLAGS_value=
ac_cv_env_BLUEZ5_LIBS_set=
ac_cv_env_BLUEZ5_LIBS_value=
ac_cv_env_CCC_set=
ac_cv_env_CCC_value=
ac_cv_env_CC_set=
ac_cv_env_CC_value=
ac_cv_env_CFLAGS_set=
ac_cv_env_CFLAGS_value=
ac_cv_env_CPPFLAGS_set=
ac_cv_env_CPPFLAGS_value=
ac_cv_env_CPP_set=
ac_cv_env_CPP_value=
ac_cv_env_CXXCPP_set=
ac_cv_env_CXXCPP_value=
ac_cv_env_CXXFLAGS_set=
ac_cv_env_CXXFLAGS_value=
ac_cv_env_CXX_set=
ac_cv_env_CXX_value=
ac_cv_env_DBUS_CFLAGS_set=
ac_cv_env_DBUS_CFLAGS_value=
ac_cv_env_DBUS_LIBS_set=
ac_cv_env_DBUS_LIBS_value=
ac_cv_env_GLIB_CFLAGS_set=
ac_cv_env_GLIB_CFLAGS_value=
ac_cv_env_GLIB_LIBS_set=
ac_cv_env_GLIB_LIBS_value=
ac_cv_env_GNUTLS_CFLAGS_set=
ac_cv_env_GNUTLS_CFLAGS_value=
ac_cv_env_GNUTLS_LIBS_set=
ac_cv_env_GNUTLS_LIBS_value=
ac_cv_env_GTKDOC_DEPS_CFLAGS_set=
ac_cv_env_GTKDOC_DEPS_CFLAGS_value=
ac_cv_env_GTKDOC_DEPS_LIBS_set=
ac_cv_env_GTKDOC_DEPS_LIBS_value=
ac_cv_env_GUDEV_CFLAGS_set=
ac_cv_env_GUDEV_CFLAGS_value=
ac_cv_env_GUDEV_LIBS_set=
ac_cv_env_GUDEV_LIBS_value=
ac_cv_env_JANSSON_CFLAGS_set=
ac_cv_env_JANSSON_CFLAGS_value=
ac_cv_env_JANSSON_LIBS_set=
ac_cv_env_JANSSON_LIBS_value=
ac_cv_env_LDFLAGS_set=
ac_cv_env_LDFLAGS_value=
ac_cv_env_LIBAUDIT_CFLAGS_set=
ac_cv_env_LIBAUDIT_CFLAGS_value=
ac_cv_env_LIBAUDIT_LIBS_set=
ac_cv_env_LIBAUDIT_LIBS_value=
ac_cv_env_LIBNDP_CFLAGS_set=
ac_cv_env_LIBNDP_CFLAGS_value=
ac_cv_env_LIBNDP_LIBS_set=
ac_cv_env_LIBNDP_LIBS_value=
ac_cv_env_LIBNL_CFLAGS_set=
ac_cv_env_LIBNL_CFLAGS_value=
ac_cv_env_LIBNL_LIBS_set=
ac_cv_env_LIBNL_LIBS_value=
ac_cv_env_LIBSOUP_CFLAGS_set=
ac_cv_env_LIBSOUP_CFLAGS_value=
ac_cv_env_LIBSOUP_LIBS_set=
ac_cv_env_LIBSOUP_LIBS_value=
ac_cv_env_LIBSYSTEMD_CFLAGS_set=
ac_cv_env_LIBSYSTEMD_CFLAGS_value=
ac_cv_env_LIBSYSTEMD_LIBS_set=
ac_cv_env_LIBSYSTEMD_LIBS_value=
ac_cv_env_LIBS_set=
ac_cv_env_LIBS_value=
ac_cv_env_LIBTEAMDCTL_CFLAGS_set=
ac_cv_env_LIBTEAMDCTL_CFLAGS_value=
ac_cv_env_LIBTEAMDCTL_LIBS_set=
ac_cv_env_LIBTEAMDCTL_LIBS_value=
ac_cv_env_LT_SYS_LIBRARY_PATH_set=
ac_cv_env_LT_SYS_LIBRARY_PATH_value=
ac_cv_env_MM_GLIB_CFLAGS_set=
ac_cv_env_MM_GLIB_CFLAGS_value=
ac_cv_env_MM_GLIB_LIBS_set=
ac_cv_env_MM_GLIB_LIBS_value=
ac_cv_env_NEWT_CFLAGS_set=
ac_cv_env_NEWT_CFLAGS_value=
ac_cv_env_NEWT_LIBS_set=
ac_cv_env_NEWT_LIBS_value=
ac_cv_env_NSS_CFLAGS_set=
ac_cv_env_NSS_CFLAGS_value=
ac_cv_env_NSS_LIBS_set=
ac_cv_env_NSS_LIBS_value=
ac_cv_env_PKG_CONFIG_LIBDIR_set=
ac_cv_env_PKG_CONFIG_LIBDIR_value=
ac_cv_env_PKG_CONFIG_PATH_set=
ac_cv_env_PKG_CONFIG_PATH_value=
ac_cv_env_PKG_CONFIG_set=
ac_cv_env_PKG_CONFIG_value=
ac_cv_env_POLKIT_CFLAGS_set=
ac_cv_env_POLKIT_CFLAGS_value=
ac_cv_env_POLKIT_LIBS_set=
ac_cv_env_POLKIT_LIBS_value=
ac_cv_env_QT_CFLAGS_set=
ac_cv_env_QT_CFLAGS_value=
ac_cv_env_QT_LIBS_set=
ac_cv_env_QT_LIBS_value=
ac_cv_env_SELINUX_CFLAGS_set=
ac_cv_env_SELINUX_CFLAGS_value=
ac_cv_env_SELINUX_LIBS_set=
ac_cv_env_SELINUX_LIBS_value=
ac_cv_env_SYSTEMD_200_CFLAGS_set=
ac_cv_env_SYSTEMD_200_CFLAGS_value=
ac_cv_env_SYSTEMD_200_LIBS_set=
ac_cv_env_SYSTEMD_200_LIBS_value=
ac_cv_env_SYSTEMD_INHIBIT_CFLAGS_set=
ac_cv_env_SYSTEMD_INHIBIT_CFLAGS_value=
ac_cv_env_SYSTEMD_INHIBIT_LIBS_set=
ac_cv_env_SYSTEMD_INHIBIT_LIBS_value=
ac_cv_env_SYSTEMD_JOURNAL_CFLAGS_set=
ac_cv_env_SYSTEMD_JOURNAL_CFLAGS_value=
ac_cv_env_SYSTEMD_JOURNAL_LIBS_set=
ac_cv_env_SYSTEMD_JOURNAL_LIBS_value=
ac_cv_env_SYSTEMD_LOGIN_CFLAGS_set=
ac_cv_env_SYSTEMD_LOGIN_CFLAGS_value=
ac_cv_env_SYSTEMD_LOGIN_LIBS_set=
ac_cv_env_SYSTEMD_LOGIN_LIBS_value=
ac_cv_env_UUID_CFLAGS_set=
ac_cv_env_UUID_CFLAGS_value=
ac_cv_env_UUID_LIBS_set=
ac_cv_env_UUID_LIBS_value=
ac_cv_env_build_alias_set=
ac_cv_env_build_alias_value=
ac_cv_env_host_alias_set=
ac_cv_env_host_alias_value=
ac_cv_env_target_alias_set=
ac_cv_env_target_alias_value=
ac_cv_file__etc_SuSE_release=no
ac_cv_file__etc_debian_version=yes
ac_cv_file__etc_fedora_release=no
ac_cv_file__etc_gentoo_release=no
ac_cv_file__etc_mandriva_release=no
ac_cv_file__etc_redhat_release=no
ac_cv_func___secure_getenv=no
ac_cv_func_secure_getenv=yes
ac_cv_header_dlfcn_h=yes
ac_cv_header_inttypes_h=yes
ac_cv_header_memory_h=yes
ac_cv_header_minix_config_h=no
ac_cv_header_stdc=yes
ac_cv_header_stdint_h=yes
ac_cv_header_stdlib_h=yes
ac_cv_header_string_h=yes
ac_cv_header_strings_h=yes
ac_cv_header_sys_stat_h=yes
ac_cv_header_sys_types_h=yes
ac_cv_header_unistd_h=yes
ac_cv_host=x86_64-unknown-linux-gnu
ac_cv_lib_m_cos=yes
ac_cv_objext=o
ac_cv_path_EGREP='/bin/grep -E'
ac_cv_path_FGREP='/bin/grep -F'
ac_cv_path_GMSGFMT=/usr/bin/msgfmt
ac_cv_path_GREP=/bin/grep
ac_cv_path_INTLTOOL_EXTRACT=/usr/bin/intltool-extract
ac_cv_path_INTLTOOL_MERGE=/usr/bin/intltool-merge
ac_cv_path_INTLTOOL_PERL=/usr/bin/perl
ac_cv_path_INTLTOOL_UPDATE=/usr/bin/intltool-update
ac_cv_path_MSGFMT=/usr/bin/msgfmt
ac_cv_path_MSGMERGE=/usr/bin/msgmerge
ac_cv_path_SED=/bin/sed
ac_cv_path_XGETTEXT=/usr/bin/xgettext
ac_cv_path_ac_pt_PKG_CONFIG=/usr/bin/pkg-config
ac_cv_path_install='/usr/bin/install -c'
ac_cv_path_lt_DD=/bin/dd
ac_cv_path_mkdir=/bin/mkdir
ac_cv_prog_AWK=mawk
ac_cv_prog_CPP='gcc -E'
ac_cv_prog_CXXCPP='g++ -E'
ac_cv_prog_ac_ct_AR=gcc-ar
ac_cv_prog_ac_ct_CC=gcc
ac_cv_prog_ac_ct_CXX=g++
ac_cv_prog_ac_ct_MANIFEST_TOOL=mt
ac_cv_prog_ac_ct_OBJDUMP=objdump
ac_cv_prog_ac_ct_RANLIB=gcc-ranlib
ac_cv_prog_ac_ct_STRIP=strip
ac_cv_prog_cc_c89=
ac_cv_prog_cc_g=yes
ac_cv_prog_cxx_g=yes
ac_cv_prog_make_make_set=yes
ac_cv_safe_to_define___extensions__=yes
ac_cv_search_dlopen=-ldl
ac_cv_sizeof_dev_t=8
ac_cv_type_pid_t=yes
acl_cv_hardcode_direct=no
acl_cv_hardcode_libdir_flag_spec='${wl}-rpath ${wl}$libdir'
acl_cv_hardcode_libdir_separator=
acl_cv_hardcode_minus_L=no
acl_cv_libext=a
acl_cv_libname_spec='lib$name'
acl_cv_library_names_spec='$libname$shrext'
acl_cv_path_LD='/usr/bin/ld -m elf_x86_64'
acl_cv_prog_gnu_ld=yes
acl_cv_rpath=done
acl_cv_shlibext=so
acl_cv_wl=-Wl,
am_cv_CC_dependencies_compiler_type=gcc3
am_cv_CXX_dependencies_compiler_type=gcc3
am_cv_make_support_nested_variables=yes
am_cv_prog_cc_c_o=yes
am_cv_prog_tar_ustar=gnutar
gt_cv_func_CFLocaleCopyCurrent=no
gt_cv_func_CFPreferencesCopyAppValue=no
gt_cv_func_gnugettext1_libc=yes
lt_cv_ar_at_file=@
lt_cv_archive_cmds_need_lc=no
lt_cv_deplibs_check_method=pass_all
lt_cv_file_magic_cmd='$MAGIC_CMD'
lt_cv_file_magic_test_file=
lt_cv_ld_reload_flag=-r
lt_cv_nm_interface='BSD nm'
lt_cv_objdir=.libs
lt_cv_path_LD=/usr/bin/ld
lt_cv_path_LDCXX='/usr/bin/ld -m elf_x86_64'
lt_cv_path_NM='/usr/bin/nm -B'
lt_cv_path_mainfest_tool=no
lt_cv_prog_compiler_c_o=yes
lt_cv_prog_compiler_c_o_CXX=yes
lt_cv_prog_compiler_pic='-fPIC -DPIC'
lt_cv_prog_compiler_pic_CXX='-fPIC -DPIC'
lt_cv_prog_compiler_pic_works=yes
lt_cv_prog_compiler_pic_works_CXX=yes
lt_cv_prog_compiler_rtti_exceptions=no
lt_cv_prog_compiler_static_works=yes
lt_cv_prog_compiler_static_works_CXX=yes
lt_cv_prog_gnu_ld=yes
lt_cv_prog_gnu_ldcxx=yes
lt_cv_sharedlib_from_linklib_cmd='printf %s\n'
lt_cv_shlibpath_overrides_runpath=no
lt_cv_sys_global_symbol_pipe='sed -n -e '\''s/^.*[	 ]\([ABCDGIRSTW][ABCDGIRSTW]*\)[	 ][	 ]*\([_A-Za-z][_A-Za-z0-9]*\)$/\1 \2 \2/p'\'' | sed '\''/ __gnu_lto/d'\'''
lt_cv_sys_global_symbol_to_c_name_address='sed -n -e '\''s/^: \(.*\) .*$/  {"\1", (void *) 0},/p'\'' -e '\''s/^[ABCDGIRSTW][ABCDGIRSTW]* .* \(.*\)$/  {"\1", (void *) \&\1},/p'\'''
lt_cv_sys_global_symbol_to_c_name_address_lib_prefix='sed -n -e '\''s/^: \(.*\) .*$/  {"\1", (void *) 0},/p'\'' -e '\''s/^[ABCDGIRSTW][ABCDGIRSTW]* .* \(lib.*\)$/  {"\1", (void *) \&\1},/p'\'' -e '\''s/^[ABCDGIRSTW][ABCDGIRSTW]* .* \(.*\)$/  {"lib\1", (void *) \&\1},/p'\'''
lt_cv_sys_global_symbol_to_cdecl='sed -n -e '\''s/^T .* \(.*\)$/extern int \1();/p'\'' -e '\''s/^[ABCDGIRSTW][ABCDGIRSTW]* .* \(.*\)$/extern char \1;/p'\'''
lt_cv_sys_global_symbol_to_import=
lt_cv_sys_max_cmd_len=1572864
lt_cv_to_host_file_cmd=func_convert_file_noop
lt_cv_to_tool_file_cmd=func_convert_file_noop
lt_cv_truncate_bin='/bin/dd bs=4096 count=1'

## ----------------- ##
## Output variables. ##
## ----------------- ##










	$(LCOV) $(code_coverage_quiet) --directory $(CODE_COVERAGE_DIRECTORY) --capture --output-file "$(CODE_COVERAGE_OUTPUT_FILE).tmp" --test-name "$(PACKAGE_NAME)-$(PACKAGE_VERSION)" --no-checksum --compat-libtool $(CODE_COVERAGE_LCOV_OPTIONS)
	$(LCOV) $(code_coverage_quiet) --directory $(CODE_COVERAGE_DIRECTORY) --remove "$(CODE_COVERAGE_OUTPUT_FILE).tmp" "/tmp/*" $(CODE_COVERAGE_IGNORE_PATTERN) --output-file "$(CODE_COVERAGE_OUTPUT_FILE)"
	$(MAKE) $(AM_MAKEFLAGS) code-coverage-capture
	-$(LCOV) --directory $(top_builddir) -z
	-$(MAKE) $(AM_MAKEFLAGS) -k check
	-@rm -f $(CODE_COVERAGE_OUTPUT_FILE).tmp
	-find . -name "*.gcda" -o -name "*.gcov" -delete
	-rm -rf $(CODE_COVERAGE_OUTPUT_FILE) $(CODE_COVERAGE_OUTPUT_FILE).tmp $(CODE_COVERAGE_OUTPUT_DIRECTORY)
	@echo "Need to reconfigure with --enable-code-coverage"
	@echo "Need to reconfigure with --enable-code-coverage"
	@echo "file://$(abs_builddir)/$(CODE_COVERAGE_OUTPUT_DIRECTORY)/index.html"
	LANG=C $(GENHTML) $(code_coverage_quiet) --prefix $(CODE_COVERAGE_DIRECTORY) --output-directory "$(CODE_COVERAGE_OUTPUT_DIRECTORY)" --title "$(PACKAGE_NAME)-$(PACKAGE_VERSION) Code Coverage" --legend --show-details "$(CODE_COVERAGE_OUTPUT_FILE)" $(CODE_COVERAGE_GENHTML_OPTIONS)
#
#
#    $(PACKAGE_NAME)-$(PACKAGE_VERSION)-coverage)
#    $(PACKAGE_NAME)-$(PACKAGE_VERSION)-coverage.info)
#    (Default: $(top_builddir))
#    (Default: empty)
#    by lcov for code coverage. (Default:
#    instance. (Default: empty)
#    reports to be created. (Default:
#  - CODE_COVERAGE_DIRECTORY: Top-level directory for code coverage reporting.
#  - CODE_COVERAGE_GENHTML_OPTIONS: Extra options to pass to the genhtml
#  - CODE_COVERAGE_IGNORE_PATTERN: Extra glob pattern of files to ignore
#  - CODE_COVERAGE_LCOV_OPTIONS: Extra options to pass to the lcov instance.
#  - CODE_COVERAGE_OUTPUT_DIRECTORY: Directory for generated code coverage
#  - CODE_COVERAGE_OUTPUT_FILE: Filename and path for the .info file generated
# $(PACKAGE_VERSION). In order to add the current git hash to the title,
# Capture code coverage data
# Code coverage
# Hook rule executed before code-coverage-capture, overridable by the user
# Optional variables
# Optional:
# The generated report will be titled using the $(PACKAGE_NAME) and
# Use recursive makes in order to ignore errors during check
# use the git-version-gen script, available online.
'
.PHONY: check-code-coverage code-coverage-capture code-coverage-capture-hook code-coverage-clean
ACLOCAL='${SHELL} /home/raphael/Documents/Projet/NetworkManager-1.4.0/build-aux/missing aclocal-1.15'
ALL_LINGUAS=''
AMDEPBACKSLASH='\'
AMDEP_FALSE='#'
AMDEP_TRUE=''
AMTAR='$${TAR-tar}'
AM_BACKSLASH='\'
AM_DEFAULT_V='$(AM_DEFAULT_VERBOSITY)'
AM_DEFAULT_VERBOSITY='0'
AM_TESTS_FD_REDIRECT=''
AM_V='$(V)'
AR='gcc-ar'
AUTOCONF='${SHELL} /home/raphael/Documents/Projet/NetworkManager-1.4.0/build-aux/missing autoconf'
AUTOHEADER='${SHELL} /home/raphael/Documents/Projet/NetworkManager-1.4.0/build-aux/missing autoheader'
AUTOMAKE='${SHELL} /home/raphael/Documents/Projet/NetworkManager-1.4.0/build-aux/missing automake-1.15'
AWK='mawk'
BLUEZ5_CFLAGS=''
BLUEZ5_LIBS=''
BUILD_NMCLI_FALSE=''
BUILD_NMCLI_TRUE=''
BUILD_NMTUI_FALSE=''
BUILD_NMTUI_TRUE=''
BUILD_SETTING_DOCS_FALSE=''
BUILD_SETTING_DOCS_TRUE=''
CC='gcc'
CCDEPMODE='depmode=gcc3'
CFLAGS='-g -O2'
CODE_COVERAGE_CFLAGS=''
CODE_COVERAGE_DIRECTORY ?= $(top_builddir)
CODE_COVERAGE_ENABLED='no'
CODE_COVERAGE_ENABLED_FALSE=''
CODE_COVERAGE_ENABLED_TRUE='#'
CODE_COVERAGE_GENHTML_OPTIONS ?=
CODE_COVERAGE_IGNORE_PATTERN ?=
CODE_COVERAGE_LCOV_OPTIONS ?=
CODE_COVERAGE_LDFLAGS=''
CODE_COVERAGE_OUTPUT_DIRECTORY ?= $(PACKAGE_NAME)-$(PACKAGE_VERSION)-coverage
CODE_COVERAGE_OUTPUT_FILE ?= $(PACKAGE_NAME)-$(PACKAGE_VERSION)-coverage.info
CONFIG_PLUGIN_IBFT_FALSE='#'
CONFIG_PLUGIN_IBFT_TRUE=''
CONFIG_PLUGIN_IFCFG_RH_FALSE=''
CONFIG_PLUGIN_IFCFG_RH_TRUE='#'
CONFIG_PLUGIN_IFNET_FALSE=''
CONFIG_PLUGIN_IFNET_TRUE='#'
CONFIG_PLUGIN_IFUPDOWN_FALSE='#'
CONFIG_PLUGIN_IFUPDOWN_TRUE=''
CPP='gcc -E'
CPPFLAGS=''
CXX='g++'
CXXCPP='g++ -E'
CXXDEPMODE='depmode=gcc3'
CXXFLAGS='-g -O2'
CYGPATH_W='echo'
DBUS_CFLAGS=''
DBUS_LIBS=''
DBUS_SYS_DIR=''
DEFS=''
DEPDIR='.deps'
DHCLIENT_PATH=''
DHCPCD_PATH=''
DISTCHECK_CONFIGURE_FLAGS += --disable-code-coverage
DISTCHECK_CONFIGURE_FLAGS ?=
DISTRO_NETWORK_SERVICE=''
DLLTOOL='false'
DL_LIBS='-ldl'
DNSMASQ_PATH=''
DNSSEC_TRIGGER_SCRIPT=''
DSYMUTIL=''
DUMPBIN=''
ECHO_C=''
ECHO_N='-n'
ECHO_T=''
EGREP='/bin/grep -E'
ENABLE_GTK_DOC_FALSE=''
ENABLE_GTK_DOC_TRUE=''
ENABLE_TESTS_FALSE=''
ENABLE_TESTS_TRUE=''
ENABLE_VAPIGEN_FALSE=''
ENABLE_VAPIGEN_TRUE=''
EXEEXT=''
FGREP='/bin/grep -F'
GENHTML=''
GETTEXT_MACRO_VERSION='0.17'
GETTEXT_PACKAGE='NetworkManager'
GITIGNOREFILES += $(CODE_COVERAGE_OUTPUT_FILE) $(CODE_COVERAGE_OUTPUT_DIRECTORY)
GITIGNOREFILES ?=
GLIB_CFLAGS=''
GLIB_GENMARSHAL=''
GLIB_LIBS=''
GLIB_MAKEFILE=''
GLIB_MKENUMS=''
GMSGFMT='/usr/bin/msgfmt'
GMSGFMT_015='/usr/bin/msgfmt'
GNOME_CODE_COVERAGE_RULES='
GNUTLS_CFLAGS=''
GNUTLS_LIBS=''
GREP='/bin/grep'
GTKDOC_CHECK=''
GTKDOC_CHECK_PATH=''
GTKDOC_DEPS_CFLAGS=''
GTKDOC_DEPS_LIBS=''
GTKDOC_MKPDF=''
GTKDOC_REBASE=''
GTK_DOC_BUILD_HTML_FALSE=''
GTK_DOC_BUILD_HTML_TRUE=''
GTK_DOC_BUILD_PDF_FALSE=''
GTK_DOC_BUILD_PDF_TRUE=''
GTK_DOC_USE_LIBTOOL_FALSE=''
GTK_DOC_USE_LIBTOOL_TRUE=''
GTK_DOC_USE_REBASE_FALSE=''
GTK_DOC_USE_REBASE_TRUE=''
GUDEV_CFLAGS=''
GUDEV_LIBS=''
HAVE_GTK_DOC_FALSE=''
HAVE_GTK_DOC_TRUE=''
HAVE_INTROSPECTION_FALSE=''
HAVE_INTROSPECTION_TRUE=''
HAVE_SYSTEMD_200_FALSE=''
HAVE_SYSTEMD_200_TRUE=''
HAVE_SYSTEMD_FALSE=''
HAVE_SYSTEMD_TRUE=''
HTML_DIR=''
INSTALL_DATA='${INSTALL} -m 644'
INSTALL_PREGEN_MANPAGES_FALSE=''
INSTALL_PREGEN_MANPAGES_TRUE=''
INSTALL_PROGRAM='${INSTALL}'
INSTALL_SCRIPT='${INSTALL}'
INSTALL_STRIP_PROGRAM='$(install_sh) -c -s'
INTLLIBS=''
INTLTOOL_CAVES_RULE='%.caves:     %.caves.in     $(INTLTOOL_MERGE) $(wildcard $(top_srcdir)/po/*.po) ; $(INTLTOOL_V_MERGE)LC_ALL=C $(INTLTOOL_MERGE) $(INTLTOOL_V_MERGE_OPTIONS) -d -u -c $(top_builddir)/po/.intltool-merge-cache $(top_srcdir)/po $< $@'
INTLTOOL_DESKTOP_RULE='%.desktop:   %.desktop.in   $(INTLTOOL_MERGE) $(wildcard $(top_srcdir)/po/*.po) ; $(INTLTOOL_V_MERGE)LC_ALL=C $(INTLTOOL_MERGE) $(INTLTOOL_V_MERGE_OPTIONS) -d -u -c $(top_builddir)/po/.intltool-merge-cache $(top_srcdir)/po $< $@'
INTLTOOL_DIRECTORY_RULE='%.directory: %.directory.in $(INTLTOOL_MERGE) $(wildcard $(top_srcdir)/po/*.po) ; $(INTLTOOL_V_MERGE)LC_ALL=C $(INTLTOOL_MERGE) $(INTLTOOL_V_MERGE_OPTIONS) -d -u -c $(top_builddir)/po/.intltool-merge-cache $(top_srcdir)/po $< $@'
INTLTOOL_EXTRACT='/usr/bin/intltool-extract'
INTLTOOL_KBD_RULE='%.kbd:       %.kbd.in       $(INTLTOOL_MERGE) $(wildcard $(top_srcdir)/po/*.po) ; $(INTLTOOL_V_MERGE)LC_ALL=C $(INTLTOOL_MERGE) $(INTLTOOL_V_MERGE_OPTIONS) -x -u -m -c $(top_builddir)/po/.intltool-merge-cache $(top_srcdir)/po $< $@'
INTLTOOL_KEYS_RULE='%.keys:      %.keys.in      $(INTLTOOL_MERGE) $(wildcard $(top_srcdir)/po/*.po) ; $(INTLTOOL_V_MERGE)LC_ALL=C $(INTLTOOL_MERGE) $(INTLTOOL_V_MERGE_OPTIONS) -k -u -c $(top_builddir)/po/.intltool-merge-cache $(top_srcdir)/po $< $@'
INTLTOOL_MERGE='/usr/bin/intltool-merge'
INTLTOOL_OAF_RULE='%.oaf:       %.oaf.in       $(INTLTOOL_MERGE) $(wildcard $(top_srcdir)/po/*.po) ; $(INTLTOOL_V_MERGE)LC_ALL=C $(INTLTOOL_MERGE) $(INTLTOOL_V_MERGE_OPTIONS) -o -p $(top_srcdir)/po $< $@'
INTLTOOL_PERL='/usr/bin/perl'
INTLTOOL_POLICY_RULE='%.policy:    %.policy.in    $(INTLTOOL_MERGE) $(wildcard $(top_srcdir)/po/*.po) ; $(INTLTOOL_V_MERGE)LC_ALL=C $(INTLTOOL_MERGE) $(INTLTOOL_V_MERGE_OPTIONS) -x -u -c $(top_builddir)/po/.intltool-merge-cache $(top_srcdir)/po $< $@'
INTLTOOL_PONG_RULE='%.pong:      %.pong.in      $(INTLTOOL_MERGE) $(wildcard $(top_srcdir)/po/*.po) ; $(INTLTOOL_V_MERGE)LC_ALL=C $(INTLTOOL_MERGE) $(INTLTOOL_V_MERGE_OPTIONS) -x -u -c $(top_builddir)/po/.intltool-merge-cache $(top_srcdir)/po $< $@'
INTLTOOL_PROP_RULE='%.prop:      %.prop.in      $(INTLTOOL_MERGE) $(wildcard $(top_srcdir)/po/*.po) ; $(INTLTOOL_V_MERGE)LC_ALL=C $(INTLTOOL_MERGE) $(INTLTOOL_V_MERGE_OPTIONS) -d -u -c $(top_builddir)/po/.intltool-merge-cache $(top_srcdir)/po $< $@'
INTLTOOL_SCHEMAS_RULE='%.schemas:   %.schemas.in   $(INTLTOOL_MERGE) $(wildcard $(top_srcdir)/po/*.po) ; $(INTLTOOL_V_MERGE)LC_ALL=C $(INTLTOOL_MERGE) $(INTLTOOL_V_MERGE_OPTIONS) -s -u -c $(top_builddir)/po/.intltool-merge-cache $(top_srcdir)/po $< $@'
INTLTOOL_SERVER_RULE='%.server:    %.server.in    $(INTLTOOL_MERGE) $(wildcard $(top_srcdir)/po/*.po) ; $(INTLTOOL_V_MERGE)LC_ALL=C $(INTLTOOL_MERGE) $(INTLTOOL_V_MERGE_OPTIONS) -o -u -c $(top_builddir)/po/.intltool-merge-cache $(top_srcdir)/po $< $@'
INTLTOOL_SERVICE_RULE='%.service: %.service.in   $(INTLTOOL_MERGE) $(wildcard $(top_srcdir)/po/*.po) ; $(INTLTOOL_V_MERGE)LC_ALL=C $(INTLTOOL_MERGE) $(INTLTOOL_V_MERGE_OPTIONS) -d -u -c $(top_builddir)/po/.intltool-merge-cache $(top_srcdir)/po $< $@'
INTLTOOL_SHEET_RULE='%.sheet:     %.sheet.in     $(INTLTOOL_MERGE) $(wildcard $(top_srcdir)/po/*.po) ; $(INTLTOOL_V_MERGE)LC_ALL=C $(INTLTOOL_MERGE) $(INTLTOOL_V_MERGE_OPTIONS) -x -u -c $(top_builddir)/po/.intltool-merge-cache $(top_srcdir)/po $< $@'
INTLTOOL_SOUNDLIST_RULE='%.soundlist: %.soundlist.in $(INTLTOOL_MERGE) $(wildcard $(top_srcdir)/po/*.po) ; $(INTLTOOL_V_MERGE)LC_ALL=C $(INTLTOOL_MERGE) $(INTLTOOL_V_MERGE_OPTIONS) -d -u -c $(top_builddir)/po/.intltool-merge-cache $(top_srcdir)/po $< $@'
INTLTOOL_THEME_RULE='%.theme:     %.theme.in     $(INTLTOOL_MERGE) $(wildcard $(top_srcdir)/po/*.po) ; $(INTLTOOL_V_MERGE)LC_ALL=C $(INTLTOOL_MERGE) $(INTLTOOL_V_MERGE_OPTIONS) -d -u -c $(top_builddir)/po/.intltool-merge-cache $(top_srcdir)/po $< $@'
INTLTOOL_UI_RULE='%.ui:        %.ui.in        $(INTLTOOL_MERGE) $(wildcard $(top_srcdir)/po/*.po) ; $(INTLTOOL_V_MERGE)LC_ALL=C $(INTLTOOL_MERGE) $(INTLTOOL_V_MERGE_OPTIONS) -x -u -c $(top_builddir)/po/.intltool-merge-cache $(top_srcdir)/po $< $@'
INTLTOOL_UPDATE='/usr/bin/intltool-update'
INTLTOOL_V_MERGE='$(INTLTOOL__v_MERGE_$(V))'
INTLTOOL_V_MERGE_OPTIONS='$(intltool__v_merge_options_$(V))'
INTLTOOL_XAM_RULE='%.xam:       %.xml.in       $(INTLTOOL_MERGE) $(wildcard $(top_srcdir)/po/*.po) ; $(INTLTOOL_V_MERGE)LC_ALL=C $(INTLTOOL_MERGE) $(INTLTOOL_V_MERGE_OPTIONS) -x -u -c $(top_builddir)/po/.intltool-merge-cache $(top_srcdir)/po $< $@'
INTLTOOL_XML_NOMERGE_RULE='%.xml:       %.xml.in       $(INTLTOOL_MERGE) ; $(INTLTOOL_V_MERGE)LC_ALL=C $(INTLTOOL_MERGE) $(INTLTOOL_V_MERGE_OPTIONS) -x -u --no-translations $< $@'
INTLTOOL_XML_RULE='%.xml:       %.xml.in       $(INTLTOOL_MERGE) $(wildcard $(top_srcdir)/po/*.po) ; $(INTLTOOL_V_MERGE)LC_ALL=C $(INTLTOOL_MERGE) $(INTLTOOL_V_MERGE_OPTIONS) -x -u -c $(top_builddir)/po/.intltool-merge-cache $(top_srcdir)/po $< $@'
INTLTOOL__v_MERGE_0='@echo "  ITMRG " $@;'
INTLTOOL__v_MERGE_='$(INTLTOOL__v_MERGE_$(AM_DEFAULT_VERBOSITY))'
INTL_MACOSX_LIBS=''
INTROSPECTION_CFLAGS=''
INTROSPECTION_COMPILER=''
INTROSPECTION_GENERATE=''
INTROSPECTION_GIRDIR=''
INTROSPECTION_LIBS=''
INTROSPECTION_MAKEFILE=''
INTROSPECTION_SCANNER=''
INTROSPECTION_TYPELIBDIR=''
IPTABLES_PATH=''
JANSSON_CFLAGS=''
JANSSON_LIBS=''
KERNEL_FIRMWARE_DIR=''
LCOV=''
LD='/usr/bin/ld -m elf_x86_64'
LDFLAGS=''
LIBAUDIT_CFLAGS=''
LIBAUDIT_LIBS=''
LIBICONV='-liconv'
LIBINTL=''
LIBM='-lm'
LIBNDP_CFLAGS=''
LIBNDP_LIBS=''
LIBNL_CFLAGS=''
LIBNL_LIBS=''
LIBOBJS=''
LIBS='-ldl '
LIBSOUP_CFLAGS=''
LIBSOUP_LIBS=''
LIBSYSTEMD_CFLAGS=''
LIBSYSTEMD_LIBS=''
LIBTEAMDCTL_CFLAGS=''
LIBTEAMDCTL_LIBS=''
LIBTOOL='$(SHELL) $(top_builddir)/libtool'
LIPO=''
LN_S='ln -s'
LOG_DRIVER=''
LTLIBICONV='-liconv'
LTLIBINTL=''
LTLIBOBJS=''
LT_SYS_LIBRARY_PATH=''
MAINT=''
MAINTAINER_MODE_FALSE='#'
MAINTAINER_MODE_TRUE=''
MAKEINFO='${SHELL} /home/raphael/Documents/Projet/NetworkManager-1.4.0/build-aux/missing makeinfo'
MANIFEST_TOOL=':'
MKDIR_P='/bin/mkdir -p'
MM_GLIB_CFLAGS=''
MM_GLIB_LIBS=''
MOC=''
MSGFMT='/usr/bin/msgfmt'
MSGFMT_015='/usr/bin/msgfmt'
MSGMERGE='/usr/bin/msgmerge'
NEWT_CFLAGS=''
NEWT_LIBS=''
NM='/usr/bin/nm -B'
NMEDIT=''
NM_CONFIG_DEFAULT_AUTH_POLKIT_TEXT=''
NM_CONFIG_DEFAULT_DNS_RC_MANAGER=''
NM_CONFIG_DEFAULT_LOGGING_AUDIT_TEXT=''
NM_CONFIG_LOGGING_BACKEND_DEFAULT_TEXT=''
NM_MAJOR_VERSION='1'
NM_MICRO_VERSION='0'
NM_MINOR_VERSION='4'
NM_MODIFY_SYSTEM_POLICY=''
NM_VERSION='1.4.0'
NSS_CFLAGS=''
NSS_LIBS=''
OBJDUMP='objdump'
OBJEXT='o'
OTOOL64=''
OTOOL=''
PACKAGE='NetworkManager'
PACKAGE_BUGREPORT='http://bugzilla.gnome.org/enter_bug.cgi?product=NetworkManager'
PACKAGE_NAME='NetworkManager'
PACKAGE_STRING='NetworkManager 1.4.0'
PACKAGE_TARNAME='NetworkManager'
PACKAGE_URL=''
PACKAGE_VERSION='1.4.0'
PATH_SEPARATOR=':'
PERL=''
PKG_CONFIG='/usr/bin/pkg-config'
PKG_CONFIG_LIBDIR=''
PKG_CONFIG_PATH=''
POLKIT_CFLAGS=''
POLKIT_LIBS=''
POSUB='po'
PPPD_PATH=''
PPPD_PLUGIN_DIR=''
QT_CFLAGS=''
QT_LIBS=''
RANLIB='gcc-ranlib'
READLINE_LIBS=''
REQUIRE_ROOT_TESTS_FALSE=''
REQUIRE_ROOT_TESTS_TRUE=''
SANITIZERS=''
SANITIZER_ENV=''
SED='/bin/sed'
SELINUX_CFLAGS=''
SELINUX_LIBS=''
SETTING_DOCS_AVAILABLE_FALSE=''
SETTING_DOCS_AVAILABLE_TRUE=''
SET_MAKE=''
SHELL='/bin/bash'
STRIP='strip'
SYSTEMD_200_CFLAGS=''
SYSTEMD_200_LIBS=''
SYSTEMD_INHIBIT_CFLAGS=''
SYSTEMD_INHIBIT_LIBS=''
SYSTEMD_JOURNAL_CFLAGS=''
SYSTEMD_JOURNAL_LIBS=''
SYSTEMD_LOGIN_CFLAGS=''
SYSTEMD_LOGIN_LIBS=''
SYSTEM_CA_PATH=''
UDEV_DIR=''
USE_NLS='yes'
UUID_CFLAGS=''
UUID_LIBS=''
VALGRIND_RULES=''
VAPIGEN=''
VAPIGEN_MAKEFILE=''
VAPIGEN_VAPIDIR=''
VERSION='1.4.0'
WITH_BLUEZ5_DUN_FALSE=''
WITH_BLUEZ5_DUN_TRUE=''
WITH_CONCHECK_FALSE=''
WITH_CONCHECK_TRUE=''
WITH_GNUTLS_FALSE=''
WITH_GNUTLS_TRUE=''
WITH_LEGACY_LIBRARIES_FALSE=''
WITH_LEGACY_LIBRARIES_TRUE=''
WITH_LIBSOUP_FALSE=''
WITH_LIBSOUP_TRUE=''
WITH_MODEM_MANAGER_1_FALSE=''
WITH_MODEM_MANAGER_1_TRUE=''
WITH_NSS_FALSE=''
WITH_NSS_TRUE=''
WITH_OFONO_FALSE=''
WITH_OFONO_TRUE=''
WITH_POLKIT_AGENT_FALSE=''
WITH_POLKIT_AGENT_TRUE=''
WITH_PPP_FALSE=''
WITH_PPP_TRUE=''
WITH_QT_FALSE=''
WITH_QT_TRUE=''
WITH_TEAMDCTL_FALSE=''
WITH_TEAMDCTL_TRUE=''
WITH_UDEV_DIR_FALSE=''
WITH_UDEV_DIR_TRUE=''
WITH_VALGRIND_FALSE=''
WITH_VALGRIND_TRUE=''
WITH_WEXT_FALSE='#'
WITH_WEXT_TRUE=''
WITH_WIFI_FALSE='#'
WITH_WIFI_TRUE=''
XGETTEXT='/usr/bin/xgettext'
XGETTEXT_015='/usr/bin/xgettext'
XGETTEXT_EXTRA_OPTIONS=''
ac_ct_AR='gcc-ar'
ac_ct_CC='gcc'
ac_ct_CXX='g++'
ac_ct_DUMPBIN=''
ac_ct_RANLIB='gcc-ranlib'
am__EXEEXT_FALSE=''
am__EXEEXT_TRUE=''
am__fastdepCC_FALSE='#'
am__fastdepCC_TRUE=''
am__fastdepCXX_FALSE='#'
am__fastdepCXX_TRUE=''
am__include='include'
am__isrc=''
am__leading_dot='.'
am__nodep='_no'
am__quote=''
am__tar='tar --format=ustar -chf - "$$tardir"'
am__untar='tar -xf -'
bindir='${exec_prefix}/bin'
build='x86_64-unknown-linux-gnu'
build_alias=''
build_cpu='x86_64'
build_os='linux-gnu'
build_vendor='unknown'
check-code-coverage:
clean: code-coverage-clean
code-coverage-capture-hook:
code-coverage-capture: code-coverage-capture-hook
code-coverage-clean:
code_coverage_quiet = $(code_coverage_quiet_$(V))
code_coverage_quiet_ = $(code_coverage_quiet_$(AM_DEFAULT_VERBOSITY))
code_coverage_quiet_0 = --quiet
datadir='${datarootdir}'
datarootdir='${prefix}/share'
docdir='${datarootdir}/doc/${PACKAGE_TARNAME}'
dvidir='${docdir}'
else
else
endif
endif
endif
exec_prefix='NONE'
host='x86_64-unknown-linux-gnu'
host_alias=''
host_cpu='x86_64'
host_os='linux-gnu'
host_vendor='unknown'
htmldir='${docdir}'
ifeq ($(CODE_COVERAGE_ENABLED),yes)
ifeq ($(CODE_COVERAGE_ENABLED),yes)
ifeq ($(CODE_COVERAGE_ENABLED),yes)
includedir='${prefix}/include'
infodir='${datarootdir}/info'
install_sh='${SHELL} /home/raphael/Documents/Projet/NetworkManager-1.4.0/build-aux/install-sh'
intltool__v_merge_options_0='-q'
intltool__v_merge_options_='$(intltool__v_merge_options_$(AM_DEFAULT_VERBOSITY))'
libdir='${exec_prefix}/lib'
libexecdir='${exec_prefix}/libexec'
localedir='${datarootdir}/locale'
localstatedir='${prefix}/var'
mandir='${datarootdir}/man'
mkdir_p='/bin/mkdir -p'
nmbinary='${sbindir}/NetworkManager'
nmconfdir='${sysconfdir}/NetworkManager'
nmdatadir='${datadir}/NetworkManager'
nmlibdir='${prefix}/lib/NetworkManager'
nmrundir='${runstatedir}/NetworkManager'
nmstatedir='${localstatedir}/lib/NetworkManager'
oldincludedir='/usr/include'
pdfdir='${docdir}'
prefix='NONE'
program_transform_name='s,x,x,'
psdir='${docdir}'
runstatedir='${prefix}/var/run'
sbindir='${exec_prefix}/sbin'
sharedstatedir='${prefix}/com'
subdirs=''
sysconfdir='${prefix}/etc'
systemdsystemunitdir=''
target_alias=''
with_dhclient=''
with_dhcpcd=''
with_netconfig=''
with_resolvconf=''
with_valgrind=''

## ----------- ##
## confdefs.h. ##
## ----------- ##

/* confdefs.h */
#define PACKAGE_NAME "NetworkManager"
#define PACKAGE_TARNAME "NetworkManager"
#define PACKAGE_VERSION "1.4.0"
#define PACKAGE_STRING "NetworkManager 1.4.0"
#define PACKAGE_BUGREPORT "http://bugzilla.gnome.org/enter_bug.cgi?product=NetworkManager"
#define PACKAGE_URL ""
#define PACKAGE "NetworkManager"
#define VERSION "1.4.0"
#define STDC_HEADERS 1
#define HAVE_SYS_TYPES_H 1
#define HAVE_SYS_STAT_H 1
#define HAVE_STDLIB_H 1
#define HAVE_STRING_H 1
#define HAVE_MEMORY_H 1
#define HAVE_STRINGS_H 1
#define HAVE_INTTYPES_H 1
#define HAVE_STDINT_H 1
#define HAVE_UNISTD_H 1
#define __EXTENSIONS__ 1
#define _ALL_SOURCE 1
#define _GNU_SOURCE 1
#define _POSIX_PTHREAD_SEMANTICS 1
#define _TANDEM_SOURCE 1
#define HAVE_DLFCN_H 1
#define LT_OBJDIR ".libs/"
#define NM_GIT_SHA "93b4119a81af57c274ac58210a8776afecf2a252"
#define SIZEOF_DEV_T 8
#define ENABLE_NLS 1
#define HAVE_GETTEXT 1
#define HAVE_DCGETTEXT 1
#define GETTEXT_PACKAGE "NetworkManager"
#define HAVE_SECURE_GETENV 1
#define CONFIG_PLUGINS_DEFAULT "ifupdown,ibft"
#define WITH_SETTINGS_PLUGIN_IBFT 1
#define WITH_WIFI 1
#define HAVE_WEXT 1
#define HAVE_NL80211_CRITICAL_PROTOCOL_CMDS 0
#define HAVE_VLAN_FLAG_LOOSE_BINDING 1

configure: exit 1
